{
  "stats": {
    "suites": 6,
    "tests": 6,
    "passes": 6,
    "pending": 0,
    "failures": 0,
    "start": "2021-03-05T03:57:29.764Z",
    "end": "2021-03-05T03:57:30.847Z",
    "duration": 1083,
    "testsRegistered": 6,
    "passPercent": 100,
    "pendingPercent": 0,
    "other": 0,
    "hasOther": false,
    "skipped": 0,
    "hasSkipped": false
  },
  "results": [
    {
      "uuid": "b0867244-2d69-4436-947b-5d1e57337d89",
      "title": "",
      "fullFile": "",
      "file": "",
      "beforeHooks": [],
      "afterHooks": [],
      "tests": [],
      "suites": [
        {
          "uuid": "e3ab0a0a-f0ac-43bc-8f54-15da31e052c3",
          "title": "1.AddANewPet",
          "fullFile": "C:\\pet-store-api-automation-by-sabina\\test\\petStoreAPI.js",
          "file": "\\test\\petStoreAPI.js",
          "beforeHooks": [],
          "afterHooks": [],
          "tests": [
            {
              "title": "POST AddANewPet",
              "fullTitle": "1.AddANewPet POST AddANewPet",
              "timedOut": false,
              "duration": 1027,
              "state": "passed",
              "speed": "slow",
              "pass": true,
              "fail": false,
              "pending": false,
              "context": null,
              "code": "var self = this,\n    args = arguments;\nreturn new Promise(function (resolve, reject) {\n  var gen = fn.apply(self, args);\n  function _next(value) {\n    asyncGeneratorStep(gen, resolve, reject, _next, _throw, \"next\", value);\n  }\n  function _throw(err) {\n    asyncGeneratorStep(gen, resolve, reject, _next, _throw, \"throw\", err);\n  }\n  _next(undefined);\n});",
              "err": {},
              "uuid": "81c39ccc-d5df-4d74-9b30-92c86c685d6e",
              "parentUUID": "e3ab0a0a-f0ac-43bc-8f54-15da31e052c3",
              "isHook": false,
              "skipped": false
            }
          ],
          "suites": [],
          "passes": [
            "81c39ccc-d5df-4d74-9b30-92c86c685d6e"
          ],
          "failures": [],
          "pending": [],
          "skipped": [],
          "duration": 1027,
          "root": false,
          "rootEmpty": false,
          "_timeout": 2000
        },
        {
          "uuid": "dbec42c2-61c6-405d-98f1-d072007f702a",
          "title": "2.FindPetByStatusPending",
          "fullFile": "C:\\pet-store-api-automation-by-sabina\\test\\petStoreAPI.js",
          "file": "\\test\\petStoreAPI.js",
          "beforeHooks": [],
          "afterHooks": [],
          "tests": [
            {
              "title": "GET FindPetByStatusPending",
              "fullTitle": "2.FindPetByStatusPending GET FindPetByStatusPending",
              "timedOut": false,
              "duration": 2,
              "state": "passed",
              "speed": "fast",
              "pass": true,
              "fail": false,
              "pending": false,
              "context": null,
              "code": "console.log(\"Newly created pet id from FindPetByStatusPending: \" + petId);\nrequest.get(\"pet/\".concat(petId)).end(function (err, res) {\n  console.log(res.body);\n  console.log(res.err);\n  (0, _chai.expect)(res.body).not.to.be.empty;\n  (0, _chai.expect)(res.status).to.equals(200);\n  (0, _chai.expect)(res.body).to.includes.keys('name', 'status');\n  (0, _chai.expect)(res.body.name).to.eql(\"\".concat(petName));\n  (0, _chai.expect)(res.body.status).to.eql('pending');\n});",
              "err": {},
              "uuid": "dab3a036-7343-4457-94ef-dc4f881b991b",
              "parentUUID": "dbec42c2-61c6-405d-98f1-d072007f702a",
              "isHook": false,
              "skipped": false
            }
          ],
          "suites": [],
          "passes": [
            "dab3a036-7343-4457-94ef-dc4f881b991b"
          ],
          "failures": [],
          "pending": [],
          "skipped": [],
          "duration": 2,
          "root": false,
          "rootEmpty": false,
          "_timeout": 2000
        },
        {
          "uuid": "12b7814a-9e15-4adf-af43-d81e3b84de63",
          "title": "2.FindNewlyCreatedPetById",
          "fullFile": "C:\\pet-store-api-automation-by-sabina\\test\\petStoreAPI.js",
          "file": "\\test\\petStoreAPI.js",
          "beforeHooks": [],
          "afterHooks": [],
          "tests": [
            {
              "title": "GET FindNewlyCreatedPetById",
              "fullTitle": "2.FindNewlyCreatedPetById GET FindNewlyCreatedPetById",
              "timedOut": false,
              "duration": 8,
              "state": "passed",
              "speed": "fast",
              "pass": true,
              "fail": false,
              "pending": false,
              "context": null,
              "code": "console.log(\"Newly created pet id from FindNewlyCreatedPetById: \" + petId);\nrequest.get(\"pet/\".concat(petId)).end(function (err, res) {\n  console.log(res.body);\n  console.log(res.err);\n  (0, _chai.expect)(res.body).not.to.be.empty;\n  (0, _chai.expect)(res.status).to.equals(200);\n  (0, _chai.expect)(res.body).to.includes.keys('name', 'status');\n  (0, _chai.expect)(res.body.name).to.eql(\"\".concat(petName));\n  (0, _chai.expect)(res.body.status).to.eql(\"\".concat(petStatus));\n});",
              "err": {},
              "uuid": "911ed684-ad8a-41f9-9da0-f6a6070561a3",
              "parentUUID": "12b7814a-9e15-4adf-af43-d81e3b84de63",
              "isHook": false,
              "skipped": false
            }
          ],
          "suites": [],
          "passes": [
            "911ed684-ad8a-41f9-9da0-f6a6070561a3"
          ],
          "failures": [],
          "pending": [],
          "skipped": [],
          "duration": 8,
          "root": false,
          "rootEmpty": false,
          "_timeout": 2000
        },
        {
          "uuid": "458411f5-2ba6-4efc-891b-6d50fd6b7868",
          "title": "3.UpdateNewlyCreatedPet",
          "fullFile": "C:\\pet-store-api-automation-by-sabina\\test\\petStoreAPI.js",
          "file": "\\test\\petStoreAPI.js",
          "beforeHooks": [],
          "afterHooks": [],
          "tests": [
            {
              "title": "PUT UpdateNewlyCreatedPet",
              "fullTitle": "3.UpdateNewlyCreatedPet PUT UpdateNewlyCreatedPet",
              "timedOut": false,
              "duration": 1,
              "state": "passed",
              "speed": "fast",
              "pass": true,
              "fail": false,
              "pending": false,
              "context": null,
              "code": "console.log(\"Newly created pet id from UpdateNewlyCreatedPet: \" + petId);\nvar data = {\n  id: petId,\n  name: petName,\n  status: \"available\"\n};\nrequest.put('pet').set('Content-Type', 'application/json').send(data).then(function (res) {\n  (0, _chai.expect)(res.body).not.to.be.empty;\n  (0, _chai.expect)(res.body).to.includes.keys('name', 'status');\n  (0, _chai.expect)(res.body.name).to.eql(\"\".concat(petName));\n  (0, _chai.expect)(res.body.status).to.eql('available');\n});",
              "err": {},
              "uuid": "7d1657b8-8911-4e55-9764-ee9509fefe8d",
              "parentUUID": "458411f5-2ba6-4efc-891b-6d50fd6b7868",
              "isHook": false,
              "skipped": false
            }
          ],
          "suites": [],
          "passes": [
            "7d1657b8-8911-4e55-9764-ee9509fefe8d"
          ],
          "failures": [],
          "pending": [],
          "skipped": [],
          "duration": 1,
          "root": false,
          "rootEmpty": false,
          "_timeout": 2000
        },
        {
          "uuid": "65b713f1-1a18-46fe-b5ee-2b7ff329bfde",
          "title": "4.DeleteNewlyCreatedPetById",
          "fullFile": "C:\\pet-store-api-automation-by-sabina\\test\\petStoreAPI.js",
          "file": "\\test\\petStoreAPI.js",
          "beforeHooks": [],
          "afterHooks": [],
          "tests": [
            {
              "title": "DELETE DeleteNewlyCreatedPetById",
              "fullTitle": "4.DeleteNewlyCreatedPetById DELETE DeleteNewlyCreatedPetById",
              "timedOut": false,
              "duration": 2,
              "state": "passed",
              "speed": "fast",
              "pass": true,
              "fail": false,
              "pending": false,
              "context": null,
              "code": "console.log(\"Newly created pet id from DeleteNewlyCreatedPetById: \" + petId);\nrequest[\"delete\"](\"pet/\".concat(petId)).end(function (err, res) {\n  console.log(res.body);\n  console.log(res.err);\n  (0, _chai.expect)(res.body).not.to.be.empty;\n  (0, _chai.expect)(res.status).to.equals(200);\n  (0, _chai.expect)(res.body).to.includes.keys('code', 'message');\n  (0, _chai.expect)(res.body.code).to.eql(200);\n  (0, _chai.expect)(res.body.message).to.eql(\"\".concat(petId));\n});",
              "err": {},
              "uuid": "bca7018d-c4ca-4474-873d-5f840ec251fc",
              "parentUUID": "65b713f1-1a18-46fe-b5ee-2b7ff329bfde",
              "isHook": false,
              "skipped": false
            }
          ],
          "suites": [],
          "passes": [
            "bca7018d-c4ca-4474-873d-5f840ec251fc"
          ],
          "failures": [],
          "pending": [],
          "skipped": [],
          "duration": 2,
          "root": false,
          "rootEmpty": false,
          "_timeout": 2000
        },
        {
          "uuid": "ac665ac5-6e8f-4c20-b6c0-ba3fbd55f04b",
          "title": "5.FindADeletedPetById",
          "fullFile": "C:\\pet-store-api-automation-by-sabina\\test\\petStoreAPI.js",
          "file": "\\test\\petStoreAPI.js",
          "beforeHooks": [],
          "afterHooks": [],
          "tests": [
            {
              "title": "GET FindADeletedPetById",
              "fullTitle": "5.FindADeletedPetById GET FindADeletedPetById",
              "timedOut": false,
              "duration": 1,
              "state": "passed",
              "speed": "fast",
              "pass": true,
              "fail": false,
              "pending": false,
              "context": null,
              "code": "console.log(\"Newly created pet id from GET FindADeletedPetById: \" + petId);\nrequest.get(\"pet/\".concat(petId)).end(function (err, res) {\n  console.log(res.body);\n  console.log(res.err);\n  (0, _chai.expect)(res.body).not.to.be.empty;\n  (0, _chai.expect)(res.body).to.includes.keys('code', 'type', 'message');\n  (0, _chai.expect)(res.body.code).to.eql(1);\n  (0, _chai.expect)(res.body.type).to.eql('error');\n  (0, _chai.expect)(res.status).to.equals(404);\n  (0, _chai.expect)(res.body.message).to.eql('Pet not found');\n});",
              "err": {},
              "uuid": "a9d5b28b-31e5-4d11-9cb1-c370073a60e2",
              "parentUUID": "ac665ac5-6e8f-4c20-b6c0-ba3fbd55f04b",
              "isHook": false,
              "skipped": false
            }
          ],
          "suites": [],
          "passes": [
            "a9d5b28b-31e5-4d11-9cb1-c370073a60e2"
          ],
          "failures": [],
          "pending": [],
          "skipped": [],
          "duration": 1,
          "root": false,
          "rootEmpty": false,
          "_timeout": 2000
        }
      ],
      "passes": [],
      "failures": [],
      "pending": [],
      "skipped": [],
      "duration": 0,
      "root": true,
      "rootEmpty": true,
      "_timeout": 2000
    }
  ],
  "meta": {
    "mocha": {
      "version": "8.3.0"
    },
    "mochawesome": {
      "options": {
        "quiet": false,
        "reportFilename": "mochawesome",
        "saveHtml": true,
        "saveJson": true,
        "consoleReporter": "spec",
        "useInlineDiffs": false,
        "code": true
      },
      "version": "6.2.2"
    },
    "marge": {
      "options": null,
      "version": "5.2.0"
    }
  }
}